<?xml version="1.0" encoding="UTF-8"?>
<testExecutions version="1">
  <file path="C:\src\angular\ng6-pokedex\src\app\pokemon\pokemon.module.spec.ts">
    <testCase name="PokemonModule should create an instance" duration="7"/>
  </file>
  <file path="C:\src\angular\ng6-pokedex\src\app\pokemon\components\pokemon-list\pokemon-list.component.spec.ts">
    <testCase name="PokemonListComponent should create" duration="228"/>
    <testCase name="PokemonListComponent should not render pokemon component when no pokemon data" duration="96"/>
    <testCase name="PokemonListComponent should render pokemon component when there is pokemon data" duration="97"/>
  </file>
  <file path="C:\src\angular\ng6-pokedex\src\app\pokemon\containers\pokemon-list-wrapper\pokemon-list-wrapper.component.spec.ts">
    <testCase name="PokemonListWrapperComponent should create" duration="395"/>
    <testCase name="PokemonListWrapperComponent should return empty array when onInit" duration="161"/>
  </file>
  <file path="C:\src\angular\ng6-pokedex\src\app\pokemon\components\pokemon-card\pokemon-card.component.spec.ts">
    <testCase name="PokemonCardComponent should create" duration="159"/>
    <testCase name="PokemonCardComponent should render pokemon name, image URL and one background color when 1 type" duration="63"/>
    <testCase name="PokemonCardComponent should render pokemon name, image URL and two background colors when 2 types" duration="47"/>
  </file>
</testExecutions>