<?xml version="1.0" encoding="UTF-8"?>
<testExecutions version="1">
  <file path="C:\src\angular\ng6-pokedex\src\app\pokemon\components\pokemon-detail\pokemon-detail.component.spec.ts">
    <testCase name="PokemonDetailComponent should create" duration="84"/>
  </file>
  <file path="C:\src\angular\ng6-pokedex\src\app\pokemon\pokemon.module.spec.ts">
    <testCase name="PokemonModule should create an instance" duration="5"/>
  </file>
</testExecutions>